<?xml version="1.0" encoding="UTF-8"?>
<!-- Generated by org.testng.reporters.JUnitReportReporter -->
<testsuite hostname="Loyolas-MBP" failures="0" tests="3" name="rahulshettyacademy.tests.ErrorValidationTest" time="74.510" errors="0" timestamp="2023-05-02T10:21:20 GMT-04:00" skipped="1">
  <testcase classname="rahulshettyacademy.tests.ErrorValidationTest" name="loginErrorValidationTest" time="32.716">
    <skipped/>
  </testcase> <!-- loginErrorValidationTest -->
  <system-out/>
  <testcase classname="rahulshettyacademy.tests.ErrorValidationTest" name="loginErrorValidationTest" time="12.990"/>
  <system-out/>
  <testcase classname="rahulshettyacademy.tests.ErrorValidationTest" name="productErrorValidationTest" time="28.804"/>
  <system-out/>
</testsuite> <!-- rahulshettyacademy.tests.ErrorValidationTest -->
