<?xml version="1.0" encoding="UTF-8"?>
<!-- Generated by org.testng.reporters.JUnitReportReporter -->
<testsuite hostname="Loyolas-MBP" failures="0" tests="1" name="rahulshettyacademy.tests.ErrorValidationTest" time="6.511" errors="0" timestamp="2023-05-02T11:12:12 GMT-04:00" skipped="0">
  <testcase classname="rahulshettyacademy.tests.ErrorValidationTest" name="loginErrorValidationTest" time="6.511"/>
  <system-out/>
</testsuite> <!-- rahulshettyacademy.tests.ErrorValidationTest -->
